2024-04-19 23:43:36 Loading main app package /opt/Obsidian/resources/obsidian.asar
2024-04-19 23:43:37 Checking for update using Github
2024-04-19 23:43:37 Success.
2024-04-19 23:43:37 Latest version is 1.5.12
2024-04-19 23:43:37 App is up to date.
2024-04-19 23:57:48 Loading main app package /opt/Obsidian/resources/obsidian.asar
2024-04-19 23:57:48 Checking for update using Github
2024-04-19 23:57:50 Success.
2024-04-19 23:57:50 Latest version is 1.5.12
2024-04-19 23:57:50 App is up to date.
2024-04-20 00:06:14 Loading main app package /opt/Obsidian/resources/obsidian.asar
2024-04-20 00:06:14 Checking for update using Github
2024-04-20 00:06:15 Success.
2024-04-20 00:06:15 Latest version is 1.5.12
2024-04-20 00:06:15 App is up to date.
2024-04-20 08:27:25 Loading main app package /opt/Obsidian/resources/obsidian.asar
2024-04-20 08:27:26 Checking for update using Github
2024-04-20 08:27:26 Success.
2024-04-20 08:27:26 Latest version is 1.5.12
2024-04-20 08:27:26 App is up to date.
2024-04-20 08:27:26 Loading main app package /opt/Obsidian/resources/obsidian.asar
2024-04-20 08:27:26 Checking for update using Github
2024-04-20 17:52:44 Loading main app package /opt/Obsidian/resources/obsidian.asar
2024-04-20 17:52:45 Checking for update using Github
2024-04-20 17:52:45 Success.
2024-04-20 17:52:45 Latest version is 1.5.12
2024-04-20 17:52:45 App is up to date.
2024-04-20 14:46:47 Loading main app package /opt/Obsidian/resources/obsidian.asar
2024-04-20 14:46:47 Checking for update using Github
2024-04-20 14:46:48 Success.
2024-04-20 14:46:48 Latest version is 1.5.12
2024-04-20 14:46:48 App is up to date.
2024-04-21 16:52:25 Loading main app package /opt/Obsidian/resources/obsidian.asar
2024-04-21 16:52:26 Checking for update using Github
2024-04-21 16:52:26 Success.
2024-04-21 16:52:26 Latest version is 1.5.12
2024-04-21 16:52:26 App is up to date.
2024-05-03 09:48:11 Loading main app package /opt/Obsidian/resources/obsidian.asar
2024-05-03 09:48:11 Checking for update using Github
2024-05-03 09:48:11 Success.
2024-05-03 09:48:11 Latest version is 1.5.12
2024-05-03 09:48:11 App is up to date.
2024-05-03 09:49:00 Loading main app package /opt/Obsidian/resources/obsidian.asar
2024-05-03 09:49:00 Checking for update using Github
2024-05-03 09:49:00 Success.
2024-05-03 09:49:00 Latest version is 1.5.12
2024-05-03 09:49:00 App is up to date.
2024-05-13 16:23:09 Loading main app package /opt/Obsidian/resources/obsidian.asar
2024-05-13 16:23:09 Checking for update using Github
2024-05-13 16:23:09 Success.
2024-05-13 16:23:09 Latest version is 1.5.12
2024-05-13 16:23:09 App is up to date.
2024-05-29 21:51:02 Loading main app package /opt/Obsidian/resources/obsidian.asar
2024-05-29 21:51:03 Checking for update using Github
2024-05-29 21:51:03 Success.
2024-05-29 21:51:03 Latest version is 1.5.12
2024-05-29 21:51:03 App is up to date.
2024-05-29 22:51:02 Checking for update using Github
2024-05-29 22:51:03 Success.
2024-05-29 22:51:03 Latest version is 1.5.12
2024-05-29 22:51:03 App is up to date.
2024-05-29 23:51:03 Checking for update using Github
2024-05-29 23:51:03 Success.
2024-05-29 23:51:03 Latest version is 1.5.12
2024-05-29 23:51:03 App is up to date.
