2024-05-16 10:32:00.148 [error] [/home/elgordoponcio/.vscode/extensions/ms-python.python-2024.6.0]: Extension is not compatible with Code 1.88.1. Extension requires: ^1.89.0-20240415.
2024-05-16 10:32:00.154 [error] [/home/elgordoponcio/.vscode/extensions/ms-python.python-2024.6.0]: Extension is not compatible with Code 1.88.1. Extension requires: ^1.89.0-20240415.
2024-05-16 10:32:00.255 [error] [/home/elgordoponcio/.vscode/extensions/ms-python.python-2024.6.0]: Extension is not compatible with Code 1.88.1. Extension requires: ^1.89.0-20240415.
2024-05-16 10:32:00.286 [error] [/home/elgordoponcio/.vscode/extensions/ms-python.python-2024.6.0]: Extension is not compatible with Code 1.88.1. Extension requires: ^1.89.0-20240415.
2024-05-16 10:32:00.543 [error] [/home/elgordoponcio/.vscode/extensions/ms-python.python-2024.6.0]: Extension is not compatible with Code 1.88.1. Extension requires: ^1.89.0-20240415.
2024-05-16 10:32:00.562 [error] [/home/elgordoponcio/.vscode/extensions/ms-python.python-2024.6.0]: Extension is not compatible with Code 1.88.1. Extension requires: ^1.89.0-20240415.
2024-05-16 10:32:00.611 [error] [/home/elgordoponcio/.vscode/extensions/ms-python.python-2024.6.0]: Extension is not compatible with Code 1.88.1. Extension requires: ^1.89.0-20240415.
2024-05-16 10:32:00.715 [error] [/home/elgordoponcio/.vscode/extensions/ms-python.python-2024.6.0]: Extension is not compatible with Code 1.88.1. Extension requires: ^1.89.0-20240415.
2024-05-16 10:32:00.920 [error] [/home/elgordoponcio/.vscode/extensions/ms-python.python-2024.6.0]: Extension is not compatible with Code 1.88.1. Extension requires: ^1.89.0-20240415.
2024-05-16 10:32:00.949 [error] [/home/elgordoponcio/.vscode/extensions/ms-python.python-2024.6.0]: Extension is not compatible with Code 1.88.1. Extension requires: ^1.89.0-20240415.
2024-05-16 10:32:01.073 [error] [/home/elgordoponcio/.vscode/extensions/ms-python.python-2024.6.0]: Extension is not compatible with Code 1.88.1. Extension requires: ^1.89.0-20240415.
2024-05-16 10:32:01.193 [error] [/home/elgordoponcio/.vscode/extensions/ms-python.python-2024.6.0]: Extension is not compatible with Code 1.88.1. Extension requires: ^1.89.0-20240415.
2024-05-16 10:32:01.290 [error] [/home/elgordoponcio/.vscode/extensions/ms-python.python-2024.6.0]: Extension is not compatible with Code 1.88.1. Extension requires: ^1.89.0-20240415.
2024-05-16 10:32:01.389 [error] [/home/elgordoponcio/.vscode/extensions/ms-python.python-2024.6.0]: Extension is not compatible with Code 1.88.1. Extension requires: ^1.89.0-20240415.
2024-05-16 10:32:01.499 [error] [/home/elgordoponcio/.vscode/extensions/ms-python.python-2024.6.0]: Extension is not compatible with Code 1.88.1. Extension requires: ^1.89.0-20240415.
2024-05-16 10:32:02.043 [error] [/home/elgordoponcio/.vscode/extensions/ms-python.python-2024.6.0]: Extension is not compatible with Code 1.88.1. Extension requires: ^1.89.0-20240415.
2024-05-16 10:32:02.146 [error] [/home/elgordoponcio/.vscode/extensions/ms-python.python-2024.6.0]: Extension is not compatible with Code 1.88.1. Extension requires: ^1.89.0-20240415.
2024-05-16 10:32:02.148 [error] [/home/elgordoponcio/.vscode/extensions/ms-python.python-2024.6.0]: Extension is not compatible with Code 1.88.1. Extension requires: ^1.89.0-20240415.
2024-05-16 10:32:02.940 [error] [/home/elgordoponcio/.vscode/extensions/ms-python.python-2024.6.0]: Extension is not compatible with Code 1.88.1. Extension requires: ^1.89.0-20240415.
2024-05-16 10:32:29.118 [info] Getting Manifest... ms-python.python
2024-05-16 10:32:29.125 [info] Installing extension: ms-python.python
2024-05-16 10:32:29.357 [error] [/home/elgordoponcio/.vscode/extensions/ms-python.python-2024.6.0]: Extension is not compatible with Code 1.88.1. Extension requires: ^1.89.0-20240415.
2024-05-16 10:32:29.368 [info] Extension installed successfully: ms-python.python
2024-05-16 10:32:29.444 [error] [uncaught exception in sharedProcess]: Error: ENOENT: no such file or directory, stat '/home/elgordoponcio/.vscode/extensions/extensions.json.vsctmp': EntryNotFound (FileSystemError): Error: ENOENT: no such file or directory, stat '/home/elgordoponcio/.vscode/extensions/extensions.json.vsctmp'
    at r.create (/usr/share/code/resources/app/out/vs/code/node/sharedProcess/sharedProcessMain.js:53:30080)
    at a (/usr/share/code/resources/app/out/vs/code/node/sharedProcess/sharedProcessMain.js:53:30195)
    at i.fb (/usr/share/code/resources/app/out/vs/code/node/sharedProcess/sharedProcessMain.js:58:36500)
    at i.stat (/usr/share/code/resources/app/out/vs/code/node/sharedProcess/sharedProcessMain.js:58:28946)
    at async $.stat (/usr/share/code/resources/app/out/vs/code/node/sharedProcess/sharedProcessMain.js:58:16092)
    at async K.sb (/usr/share/code/resources/app/out/vs/code/node/sharedProcess/sharedProcessMain.js:104:108402)
