2024-05-27 18:22:05.987 [error] [/home/elgordoponcio/.vscode/extensions/ms-python.python-2024.6.0]: Extension is not compatible with Code 1.88.1. Extension requires: ^1.89.0-20240415.
2024-05-27 18:22:06.174 [error] [/home/elgordoponcio/.vscode/extensions/ms-python.python-2024.6.0]: Extension is not compatible with Code 1.88.1. Extension requires: ^1.89.0-20240415.
2024-05-27 18:22:06.282 [error] [/home/elgordoponcio/.vscode/extensions/ms-python.python-2024.6.0]: Extension is not compatible with Code 1.88.1. Extension requires: ^1.89.0-20240415.
2024-05-27 18:22:06.295 [error] [/home/elgordoponcio/.vscode/extensions/ms-python.python-2024.6.0]: Extension is not compatible with Code 1.88.1. Extension requires: ^1.89.0-20240415.
2024-05-27 18:22:06.300 [error] [/home/elgordoponcio/.vscode/extensions/ms-python.python-2024.6.0]: Extension is not compatible with Code 1.88.1. Extension requires: ^1.89.0-20240415.
2024-05-27 18:22:06.314 [error] [/home/elgordoponcio/.vscode/extensions/ms-python.python-2024.6.0]: Extension is not compatible with Code 1.88.1. Extension requires: ^1.89.0-20240415.
2024-05-27 18:22:06.479 [error] [/home/elgordoponcio/.vscode/extensions/ms-python.python-2024.6.0]: Extension is not compatible with Code 1.88.1. Extension requires: ^1.89.0-20240415.
2024-05-27 18:22:06.817 [error] [/home/elgordoponcio/.vscode/extensions/ms-python.python-2024.6.0]: Extension is not compatible with Code 1.88.1. Extension requires: ^1.89.0-20240415.
2024-05-27 18:22:07.396 [error] [/home/elgordoponcio/.vscode/extensions/ms-python.python-2024.6.0]: Extension is not compatible with Code 1.88.1. Extension requires: ^1.89.0-20240415.
2024-05-27 18:22:07.831 [error] [/home/elgordoponcio/.vscode/extensions/ms-python.python-2024.6.0]: Extension is not compatible with Code 1.88.1. Extension requires: ^1.89.0-20240415.
2024-05-27 18:22:08.197 [error] [/home/elgordoponcio/.vscode/extensions/ms-python.python-2024.6.0]: Extension is not compatible with Code 1.88.1. Extension requires: ^1.89.0-20240415.
2024-05-27 18:22:08.348 [error] [/home/elgordoponcio/.vscode/extensions/ms-python.python-2024.6.0]: Extension is not compatible with Code 1.88.1. Extension requires: ^1.89.0-20240415.
2024-05-27 18:22:09.010 [error] [/home/elgordoponcio/.vscode/extensions/ms-python.python-2024.6.0]: Extension is not compatible with Code 1.88.1. Extension requires: ^1.89.0-20240415.
2024-05-27 18:22:09.323 [error] [/home/elgordoponcio/.vscode/extensions/ms-python.python-2024.6.0]: Extension is not compatible with Code 1.88.1. Extension requires: ^1.89.0-20240415.
2024-05-27 18:22:09.851 [error] [/home/elgordoponcio/.vscode/extensions/ms-python.python-2024.6.0]: Extension is not compatible with Code 1.88.1. Extension requires: ^1.89.0-20240415.
2024-05-27 18:22:10.063 [error] [/home/elgordoponcio/.vscode/extensions/ms-python.python-2024.6.0]: Extension is not compatible with Code 1.88.1. Extension requires: ^1.89.0-20240415.
2024-05-27 18:22:10.969 [error] [/home/elgordoponcio/.vscode/extensions/ms-python.python-2024.6.0]: Extension is not compatible with Code 1.88.1. Extension requires: ^1.89.0-20240415.
2024-05-27 18:22:11.098 [error] [/home/elgordoponcio/.vscode/extensions/ms-python.python-2024.6.0]: Extension is not compatible with Code 1.88.1. Extension requires: ^1.89.0-20240415.
2024-05-27 18:22:11.100 [error] [/home/elgordoponcio/.vscode/extensions/ms-python.python-2024.6.0]: Extension is not compatible with Code 1.88.1. Extension requires: ^1.89.0-20240415.
2024-05-27 18:22:33.654 [info] Getting Manifest... ms-python.python
2024-05-27 18:22:33.662 [info] Installing extension: ms-python.python
2024-05-27 18:22:33.948 [error] [/home/elgordoponcio/.vscode/extensions/ms-python.python-2024.6.0]: Extension is not compatible with Code 1.88.1. Extension requires: ^1.89.0-20240415.
2024-05-27 18:22:33.959 [info] Extension installed successfully: ms-python.python
2024-05-27 18:22:34.034 [error] [uncaught exception in sharedProcess]: Error: ENOENT: no such file or directory, stat '/home/elgordoponcio/.vscode/extensions/extensions.json.vsctmp': EntryNotFound (FileSystemError): Error: ENOENT: no such file or directory, stat '/home/elgordoponcio/.vscode/extensions/extensions.json.vsctmp'
    at r.create (/usr/share/code/resources/app/out/vs/code/node/sharedProcess/sharedProcessMain.js:53:30080)
    at a (/usr/share/code/resources/app/out/vs/code/node/sharedProcess/sharedProcessMain.js:53:30195)
    at i.fb (/usr/share/code/resources/app/out/vs/code/node/sharedProcess/sharedProcessMain.js:58:36500)
    at i.stat (/usr/share/code/resources/app/out/vs/code/node/sharedProcess/sharedProcessMain.js:58:28946)
    at async $.stat (/usr/share/code/resources/app/out/vs/code/node/sharedProcess/sharedProcessMain.js:58:16092)
    at async K.sb (/usr/share/code/resources/app/out/vs/code/node/sharedProcess/sharedProcessMain.js:104:108402)
2024-05-27 18:27:11.148 [error] [/home/elgordoponcio/.vscode/extensions/ms-python.python-2024.6.0]: Extension is not compatible with Code 1.88.1. Extension requires: ^1.89.0-20240415.
2024-05-28 16:11:02.231 [error] [/home/elgordoponcio/.vscode/extensions/ms-python.python-2024.6.0]: Extension is not compatible with Code 1.88.1. Extension requires: ^1.89.0-20240415.
